<?xml version="1.0" encoding="UTF-8"?>
<testng-results ignored="0" total="1" passed="1" failed="0" skipped="0">
  <reporter-output>
  </reporter-output>
  <suite started-at="2026-03-09T21:28:15 IST" name="FlightBookingSuite" finished-at="2026-03-09T21:28:24 IST" duration-ms="9406">
    <groups>
    </groups>
    <test started-at="2026-03-09T21:28:15 IST" name="FlightBookingTest" finished-at="2026-03-09T21:28:24 IST" duration-ms="9406">
      <class name="tests.FlightBookingTest">
        <test-method is-config="true" signature="setup()[pri:0, instance:tests.FlightBookingTest@61861a29]" started-at="2026-03-09T21:28:15 IST" name="setup" finished-at="2026-03-09T21:28:20 IST" duration-ms="4982" status="PASS">
          <reporter-output>
          </reporter-output>
        </test-method> <!-- setup -->
        <test-method signature="bookFlightTest()[pri:0, instance:tests.FlightBookingTest@61861a29]" started-at="2026-03-09T21:28:20 IST" name="bookFlightTest" finished-at="2026-03-09T21:28:24 IST" duration-ms="4190" status="PASS">
          <reporter-output>
          </reporter-output>
        </test-method> <!-- bookFlightTest -->
        <test-method is-config="true" signature="tearDown()[pri:0, instance:tests.FlightBookingTest@61861a29]" started-at="2026-03-09T21:28:24 IST" name="tearDown" finished-at="2026-03-09T21:28:24 IST" duration-ms="185" status="PASS">
          <reporter-output>
          </reporter-output>
        </test-method> <!-- tearDown -->
      </class> <!-- tests.FlightBookingTest -->
    </test> <!-- FlightBookingTest -->
  </suite> <!-- FlightBookingSuite -->
</testng-results>
