<?xml version="1.0" encoding="UTF-8"?>
<testng-results ignored="0" total="1" passed="1" failed="0" skipped="0">
  <reporter-output>
  </reporter-output>
  <suite started-at="2026-03-10T10:52:28 IST" name="ParaBankSuite" finished-at="2026-03-10T10:52:37 IST" duration-ms="9558">
    <groups>
    </groups>
    <test started-at="2026-03-10T10:52:28 IST" name="RegisterLoginTest" finished-at="2026-03-10T10:52:37 IST" duration-ms="9558">
      <class name="tests.RegisterLoginTest">
        <test-method is-config="true" signature="setup()[pri:0, instance:tests.RegisterLoginTest@439a8f59]" started-at="2026-03-10T10:52:28 IST" name="setup" finished-at="2026-03-10T10:52:32 IST" duration-ms="4131" status="PASS">
          <reporter-output>
          </reporter-output>
        </test-method> <!-- setup -->
        <test-method signature="registerAndLoginTest()[pri:0, instance:tests.RegisterLoginTest@439a8f59]" started-at="2026-03-10T10:52:32 IST" name="registerAndLoginTest" finished-at="2026-03-10T10:52:36 IST" duration-ms="4415" status="PASS">
          <reporter-output>
          </reporter-output>
        </test-method> <!-- registerAndLoginTest -->
        <test-method is-config="true" signature="tearDown()[pri:0, instance:tests.RegisterLoginTest@439a8f59]" started-at="2026-03-10T10:52:36 IST" name="tearDown" finished-at="2026-03-10T10:52:37 IST" duration-ms="932" status="PASS">
          <reporter-output>
          </reporter-output>
        </test-method> <!-- tearDown -->
      </class> <!-- tests.RegisterLoginTest -->
    </test> <!-- RegisterLoginTest -->
  </suite> <!-- ParaBankSuite -->
</testng-results>
